#
# There is insufficient memory for the Java Runtime Environment to continue.
# Native memory allocation (malloc) failed to allocate 912416 bytes for Chunk::new
# Possible reasons:
#   The system is out of physical RAM or swap space
#   In 32 bit mode, the process size limit was hit
# Possible solutions:
#   Reduce memory load on the system
#   Increase physical memory or swap space
#   Check if swap backing store is full
#   Use 64 bit Java on a 64 bit OS
#   Decrease Java heap size (-Xmx/-Xms)
#   Decrease number of Java threads
#   Decrease Java thread stack sizes (-Xss)
#   Set larger code cache with -XX:ReservedCodeCacheSize=
# This output file may be truncated or incomplete.
#
#  Out of Memory Error (allocation.cpp:390), pid=12140, tid=13360
#
# JRE version: Java(TM) SE Runtime Environment (8.0_73-b02) (build 1.8.0_73-b02)
# Java VM: Java HotSpot(TM) 64-Bit Server VM (25.73-b02 mixed mode windows-amd64 compressed oops)
# Failed to write core dump. Minidumps are not enabled by default on client versions of Windows
#

---------------  T H R E A D  ---------------

Current thread (0x0000000017e54000):  JavaThread "C2 CompilerThread0" daemon [_thread_in_native, id=13360, stack(0x0000000019490000,0x0000000019590000)]

Stack: [0x0000000019490000,0x0000000019590000]
[error occurred during error reporting (printing stack bounds), id 0xc0000005]

Native frames: (J=compiled Java code, j=interpreted, Vv=VM code, C=native code)


Current CompileTask:
C2:   2424 1598 %     4       org.hibernate.cfg.AnnotationBinder::addProperty @ 8 (538 bytes)


---------------  P R O C E S S  ---------------

Java Threads: ( => current thread )
  0x000000001a6d6800 JavaThread "pool-1-thread-1" [_thread_blocked, id=12504, stack(0x000000001c020000,0x000000001c120000)]
  0x0000000019965000 JavaThread "Monitor Ctrl-Break" daemon [_thread_in_native, id=4588, stack(0x0000000019d90000,0x0000000019e90000)]
  0x0000000017eae800 JavaThread "Service Thread" daemon [_thread_blocked, id=840, stack(0x0000000019b90000,0x0000000019c90000)]
  0x0000000017e5d800 JavaThread "C1 CompilerThread2" daemon [_thread_in_native, id=5676, stack(0x0000000019690000,0x0000000019790000)]
  0x0000000017e5a000 JavaThread "C2 CompilerThread1" daemon [_thread_in_native, id=6044, stack(0x0000000019590000,0x0000000019690000)]
=>0x0000000017e54000 JavaThread "C2 CompilerThread0" daemon [_thread_in_native, id=13360, stack(0x0000000019490000,0x0000000019590000)]
  0x0000000017e53000 JavaThread "Attach Listener" daemon [_thread_blocked, id=11156, stack(0x0000000019390000,0x0000000019490000)]
  0x0000000017e52000 JavaThread "Signal Dispatcher" daemon [_thread_blocked, id=8532, stack(0x0000000019290000,0x0000000019390000)]
  0x00000000032fb000 JavaThread "Finalizer" daemon [_thread_blocked, id=4800, stack(0x00000000190a0000,0x00000000191a0000)]
  0x00000000032f1000 JavaThread "Reference Handler" daemon [_thread_blocked, id=5400, stack(0x0000000018fa0000,0x00000000190a0000)]
  0x0000000003203000 JavaThread "main" [_thread_in_Java, id=12428, stack(0x0000000003030000,0x0000000003130000)]

Other Threads:
  0x0000000017e16800 VMThread [stack: 0x0000000018ea0000,0x0000000018fa0000] [id=5020]
  0x00000000197da800 WatcherThread [stack: 0x0000000019c90000,0x0000000019d90000] [id=8480]

VM state:not at safepoint (normal execution)

VM Mutex/Monitor currently owned by a thread: None

Heap:
 PSYoungGen      total 38400K, used 22163K [0x00000000d5d80000, 0x00000000d8800000, 0x0000000100000000)
  eden space 33280K, 51% used [0x00000000d5d80000,0x00000000d6e2bd30,0x00000000d7e00000)
  from space 5120K, 99% used [0x00000000d7e00000,0x00000000d82f9040,0x00000000d8300000)
  to   space 5120K, 0% used [0x00000000d8300000,0x00000000d8300000,0x00000000d8800000)
 ParOldGen       total 87552K, used 2943K [0x0000000081800000, 0x0000000086d80000, 0x00000000d5d80000)
  object space 87552K, 3% used [0x0000000081800000,0x0000000081adfc58,0x0000000086d80000)
 Metaspace       used 19315K, capacity 19564K, committed 19712K, reserved 1067008K
  class space    used 2423K, capacity 2526K, committed 2560K, reserved 1048576K

Card table byte_map: [0x00000000126c0000,0x0000000012ac0000] byte_map_base: 0x00000000122b4000

Marking Bits: (ParMarkBitMap*) 0x0000000054f90600
 Begin Bits: [0x0000000013170000, 0x0000000015110000)
 End Bits:   [0x0000000015110000, 0x00000000170b0000)

Polling page: 0x0000000000ff0000

CodeCache: size=245760Kb used=5834Kb max_used=5834Kb free=239925Kb
 bounds [0x0000000003300000, 0x00000000038c0000, 0x0000000012300000]
 total_blobs=2040 nmethods=1643 adapters=308
 compilation: enabled

Compilation events (10 events):
Event: 2.415 Thread 0x0000000017e5d800 nmethod 1643 0x000000000388e850 code [0x000000000388e9a0, 0x000000000388eb10]
Event: 2.415 Thread 0x0000000017e5d800 1654       2       java.util.HashMap::putVal (300 bytes)
Event: 2.416 Thread 0x0000000017e5d800 nmethod 1654 0x0000000003894fd0 code [0x00000000038951e0, 0x00000000038958f8]
Event: 2.416 Thread 0x0000000017e5d800 1644       3       org.hibernate.cfg.Ejb3Column::bind (130 bytes)
Event: 2.417 Thread 0x0000000017e5d800 nmethod 1644 0x00000000038a7250 code [0x00000000038a74e0, 0x00000000038a8a28]
Event: 2.418 Thread 0x0000000017e5d800 1645       3       org.hibernate.cfg.Ejb3Column::initMappingColumn (212 bytes)
Event: 2.419 Thread 0x0000000017e5d800 nmethod 1645 0x00000000038a91d0 code [0x00000000038a9500, 0x00000000038ab048]
Event: 2.419 Thread 0x0000000017e5d800 1646       3       org.hibernate.mapping.Column::<init> (28 bytes)
Event: 2.419 Thread 0x0000000017e5d800 nmethod 1646 0x000000000388e490 code [0x000000000388e5e0, 0x000000000388e7b0]
Event: 2.419 Thread 0x0000000017e5d800 1647       3       org.hibernate.cfg.Ejb3Column::redefineColumnName (240 bytes)

GC Heap History (6 events):
Event: 0.776 GC heap before
{Heap before GC invocations=1 (full 0):
 PSYoungGen      total 38400K, used 33280K [0x00000000d5d80000, 0x00000000d8800000, 0x0000000100000000)
  eden space 33280K, 100% used [0x00000000d5d80000,0x00000000d7e00000,0x00000000d7e00000)
  from space 5120K, 0% used [0x00000000d8300000,0x00000000d8300000,0x00000000d8800000)
  to   space 5120K, 0% used [0x00000000d7e00000,0x00000000d7e00000,0x00000000d8300000)
 ParOldGen       total 87552K, used 0K [0x0000000081800000, 0x0000000086d80000, 0x00000000d5d80000)
  object space 87552K, 0% used [0x0000000081800000,0x0000000081800000,0x0000000086d80000)
 Metaspace       used 3824K, capacity 4832K, committed 5120K, reserved 1056768K
  class space    used 423K, capacity 464K, committed 512K, reserved 1048576K
Event: 0.781 GC heap after
Heap after GC invocations=1 (full 0):
 PSYoungGen      total 38400K, used 1131K [0x00000000d5d80000, 0x00000000d8800000, 0x0000000100000000)
  eden space 33280K, 0% used [0x00000000d5d80000,0x00000000d5d80000,0x00000000d7e00000)
  from space 5120K, 22% used [0x00000000d7e00000,0x00000000d7f1ad40,0x00000000d8300000)
  to   space 5120K, 0% used [0x00000000d8300000,0x00000000d8300000,0x00000000d8800000)
 ParOldGen       total 87552K, used 8K [0x0000000081800000, 0x0000000086d80000, 0x00000000d5d80000)
  object space 87552K, 0% used [0x0000000081800000,0x0000000081802000,0x0000000086d80000)
 Metaspace       used 3824K, capacity 4832K, committed 5120K, reserved 1056768K
  class space    used 423K, capacity 464K, committed 512K, reserved 1048576K
}
Event: 1.794 GC heap before
{Heap before GC invocations=2 (full 0):
 PSYoungGen      total 38400K, used 34411K [0x00000000d5d80000, 0x00000000d8800000, 0x0000000100000000)
  eden space 33280K, 100% used [0x00000000d5d80000,0x00000000d7e00000,0x00000000d7e00000)
  from space 5120K, 22% used [0x00000000d7e00000,0x00000000d7f1ad40,0x00000000d8300000)
  to   space 5120K, 0% used [0x00000000d8300000,0x00000000d8300000,0x00000000d8800000)
 ParOldGen       total 87552K, used 8K [0x0000000081800000, 0x0000000086d80000, 0x00000000d5d80000)
  object space 87552K, 0% used [0x0000000081800000,0x0000000081802000,0x0000000086d80000)
 Metaspace       used 16014K, capacity 16212K, committed 16512K, reserved 1062912K
  class space    used 2077K, capacity 2138K, committed 2176K, reserved 1048576K
Event: 1.801 GC heap after
Heap after GC invocations=2 (full 0):
 PSYoungGen      total 38400K, used 5113K [0x00000000d5d80000, 0x00000000d8800000, 0x0000000100000000)
  eden space 33280K, 0% used [0x00000000d5d80000,0x00000000d5d80000,0x00000000d7e00000)
  from space 5120K, 99% used [0x00000000d8300000,0x00000000d87fe6a8,0x00000000d8800000)
  to   space 5120K, 0% used [0x00000000d7e00000,0x00000000d7e00000,0x00000000d8300000)
 ParOldGen       total 87552K, used 1422K [0x0000000081800000, 0x0000000086d80000, 0x00000000d5d80000)
  object space 87552K, 1% used [0x0000000081800000,0x0000000081963b10,0x0000000086d80000)
 Metaspace       used 16014K, capacity 16212K, committed 16512K, reserved 1062912K
  class space    used 2077K, capacity 2138K, committed 2176K, reserved 1048576K
}
Event: 2.341 GC heap before
{Heap before GC invocations=3 (full 0):
 PSYoungGen      total 38400K, used 38393K [0x00000000d5d80000, 0x00000000d8800000, 0x0000000100000000)
  eden space 33280K, 100% used [0x00000000d5d80000,0x00000000d7e00000,0x00000000d7e00000)
  from space 5120K, 99% used [0x00000000d8300000,0x00000000d87fe6a8,0x00000000d8800000)
  to   space 5120K, 0% used [0x00000000d7e00000,0x00000000d7e00000,0x00000000d8300000)
 ParOldGen       total 87552K, used 1422K [0x0000000081800000, 0x0000000086d80000, 0x00000000d5d80000)
  object space 87552K, 1% used [0x0000000081800000,0x0000000081963b10,0x0000000086d80000)
 Metaspace       used 19134K, capacity 19366K, committed 19712K, reserved 1067008K
  class space    used 2421K, capacity 2525K, committed 2560K, reserved 1048576K
Event: 2.349 GC heap after
Heap after GC invocations=3 (full 0):
 PSYoungGen      total 38400K, used 5092K [0x00000000d5d80000, 0x00000000d8800000, 0x0000000100000000)
  eden space 33280K, 0% used [0x00000000d5d80000,0x00000000d5d80000,0x00000000d7e00000)
  from space 5120K, 99% used [0x00000000d7e00000,0x00000000d82f9040,0x00000000d8300000)
  to   space 5120K, 0% used [0x00000000d8300000,0x00000000d8300000,0x00000000d8800000)
 ParOldGen       total 87552K, used 2943K [0x0000000081800000, 0x0000000086d80000, 0x00000000d5d80000)
  object space 87552K, 3% used [0x0000000081800000,0x0000000081adfc58,0x0000000086d80000)
 Metaspace       used 19134K, capacity 19366K, committed 19712K, reserved 1067008K
  class space    used 2421K, capacity 2525K, committed 2560K, reserved 1048576K
}

Deoptimization events (10 events):
Event: 1.844 Thread 0x0000000003203000 Uncommon trap: reason=unstable_if action=reinterpret pc=0x0000000003745c14 method=java.lang.StringCoding.decode(Ljava/lang/String;[BII)[C @ 38
Event: 1.844 Thread 0x0000000003203000 Uncommon trap: reason=unstable_if action=reinterpret pc=0x000000000373b10c method=java.lang.StringCoding.decode(Ljava/lang/String;[BII)[C @ 38
Event: 1.858 Thread 0x0000000003203000 Uncommon trap: reason=unstable_if action=reinterpret pc=0x000000000346e6dc method=sun.nio.cs.UTF_8$Encoder.encode([CII[B)I @ 33
Event: 1.916 Thread 0x0000000003203000 Uncommon trap: reason=unstable_if action=reinterpret pc=0x000000000364be28 method=java.io.WinNTFileSystem.normalize(Ljava/lang/String;)Ljava/lang/String; @ 128
Event: 2.413 Thread 0x0000000003203000 Uncommon trap: reason=unstable_if action=reinterpret pc=0x000000000383b89c method=org.hibernate.annotations.common.reflection.java.Pair.equals(Ljava/lang/Object;)Z @ 34
Event: 2.413 Thread 0x0000000003203000 Uncommon trap: reason=bimorphic action=maybe_recompile pc=0x000000000365eb54 method=java.util.HashMap.putVal(ILjava/lang/Object;Ljava/lang/Object;ZZ)Ljava/lang/Object; @ 203
Event: 2.413 Thread 0x0000000003203000 Uncommon trap: reason=bimorphic action=maybe_recompile pc=0x000000000365eb54 method=java.util.HashMap.putVal(ILjava/lang/Object;Ljava/lang/Object;ZZ)Ljava/lang/Object; @ 203
Event: 2.414 Thread 0x0000000003203000 Uncommon trap: reason=bimorphic action=maybe_recompile pc=0x000000000365eb54 method=java.util.HashMap.putVal(ILjava/lang/Object;Ljava/lang/Object;ZZ)Ljava/lang/Object; @ 203
Event: 2.414 Thread 0x0000000003203000 Uncommon trap: reason=bimorphic action=maybe_recompile pc=0x000000000365eb54 method=java.util.HashMap.putVal(ILjava/lang/Object;Ljava/lang/Object;ZZ)Ljava/lang/Object; @ 203
Event: 2.414 Thread 0x0000000003203000 Uncommon trap: reason=bimorphic action=maybe_recompile pc=0x000000000361fb28 method=java.util.HashMap.putVal(ILjava/lang/Object;Ljava/lang/Object;ZZ)Ljava/lang/Object; @ 203

Internal exceptions (10 events):
Event: 1.155 Thread 0x0000000003203000 Exception <a 'java/lang/ArrayIndexOutOfBoundsException'> (0x00000000d6861b48) thrown at [D:\re\puppet\workspace\8-2-build-windows-amd64-cygwin\jdk8u73\6086\hotspot\src\share\vm\runtime\sharedRuntime.cpp, line 605]
Event: 1.155 Thread 0x0000000003203000 Exception <a 'java/lang/ArrayIndexOutOfBoundsException'> (0x00000000d6863178) thrown at [D:\re\puppet\workspace\8-2-build-windows-amd64-cygwin\jdk8u73\6086\hotspot\src\share\vm\runtime\sharedRuntime.cpp, line 605]
Event: 1.162 Thread 0x0000000003203000 Exception <a 'java/lang/ArrayIndexOutOfBoundsException': 79> (0x00000000d68bc358) thrown at [D:\re\puppet\workspace\8-2-build-windows-amd64-cygwin\jdk8u73\6086\hotspot\src\share\vm\interpreter\interpreterRuntime.cpp, line 366]
Event: 1.162 Thread 0x0000000003203000 Exception <a 'java/lang/ArrayIndexOutOfBoundsException': 78> (0x00000000d68bd728) thrown at [D:\re\puppet\workspace\8-2-build-windows-amd64-cygwin\jdk8u73\6086\hotspot\src\share\vm\interpreter\interpreterRuntime.cpp, line 366]
Event: 1.162 Thread 0x0000000003203000 Exception <a 'java/lang/ArrayIndexOutOfBoundsException': 81> (0x00000000d68be8d0) thrown at [D:\re\puppet\workspace\8-2-build-windows-amd64-cygwin\jdk8u73\6086\hotspot\src\share\vm\interpreter\interpreterRuntime.cpp, line 366]
Event: 1.162 Thread 0x0000000003203000 Exception <a 'java/lang/ArrayIndexOutOfBoundsException': 83> (0x00000000d68bfa88) thrown at [D:\re\puppet\workspace\8-2-build-windows-amd64-cygwin\jdk8u73\6086\hotspot\src\share\vm\interpreter\interpreterRuntime.cpp, line 366]
Event: 1.162 Thread 0x0000000003203000 Exception <a 'java/lang/ArrayIndexOutOfBoundsException': 38> (0x00000000d68c07f8) thrown at [D:\re\puppet\workspace\8-2-build-windows-amd64-cygwin\jdk8u73\6086\hotspot\src\share\vm\interpreter\interpreterRuntime.cpp, line 366]
Event: 1.239 Thread 0x0000000003203000 Implicit null exception at 0x000000000353fd16 to 0x000000000354004d
Event: 1.477 Thread 0x0000000003203000 Implicit null exception at 0x0000000003518296 to 0x00000000035185bd
Event: 1.815 Thread 0x0000000003203000 Exception <a 'java/lang/reflect/InvocationTargetException'> (0x00000000d5ed77a8) thrown at [D:\re\puppet\workspace\8-2-build-windows-amd64-cygwin\jdk8u73\6086\hotspot\src\share\vm\runtime\reflection.cpp, line 1092]

Events (10 events):
Event: 2.413 Thread 0x0000000003203000 DEOPT UNPACKING pc=0x000000000334582a sp=0x000000000312d7b0 mode 2
Event: 2.414 Thread 0x0000000003203000 Uncommon trap: trap_request=0xffffffc6 fr.pc=0x000000000365eb54
Event: 2.414 Thread 0x0000000003203000 DEOPT PACKING pc=0x000000000365eb54 sp=0x000000000312d880
Event: 2.414 Thread 0x0000000003203000 DEOPT UNPACKING pc=0x000000000334582a sp=0x000000000312d790 mode 2
Event: 2.414 Thread 0x0000000003203000 Uncommon trap: trap_request=0xffffffc6 fr.pc=0x000000000365eb54
Event: 2.414 Thread 0x0000000003203000 DEOPT PACKING pc=0x000000000365eb54 sp=0x000000000312d880
Event: 2.414 Thread 0x0000000003203000 DEOPT UNPACKING pc=0x000000000334582a sp=0x000000000312d790 mode 2
Event: 2.414 Thread 0x0000000003203000 Uncommon trap: trap_request=0xffffffc6 fr.pc=0x000000000361fb28
Event: 2.414 Thread 0x0000000003203000 DEOPT PACKING pc=0x000000000361fb28 sp=0x000000000312d7e0
Event: 2.414 Thread 0x0000000003203000 DEOPT UNPACKING pc=0x000000000334582a sp=0x000000000312d788 mode 2


Dynamic libraries:
0x00007ff6f0d70000 - 0x00007ff6f0da7000 	C:\Program Files\Java\jdk1.8.0_73\bin\java.exe
0x00007ffb4b0a0000 - 0x00007ffb4b271000 	C:\WINDOWS\SYSTEM32\ntdll.dll
0x00007ffb48730000 - 0x00007ffb487db000 	C:\WINDOWS\System32\KERNEL32.DLL
0x00007ffb48320000 - 0x00007ffb4853d000 	C:\WINDOWS\System32\KERNELBASE.dll
0x00007ffb48870000 - 0x00007ffb48912000 	C:\WINDOWS\System32\ADVAPI32.dll
0x00007ffb4a000000 - 0x00007ffb4a09e000 	C:\WINDOWS\System32\msvcrt.dll
0x00007ffb4a890000 - 0x00007ffb4a8e9000 	C:\WINDOWS\System32\sechost.dll
0x00007ffb4a0a0000 - 0x00007ffb4a1c1000 	C:\WINDOWS\System32\RPCRT4.dll
0x00007ffb4aa30000 - 0x00007ffb4ab95000 	C:\WINDOWS\System32\USER32.dll
0x00007ffb47590000 - 0x00007ffb475ae000 	C:\WINDOWS\System32\win32u.dll
0x00007ffb4a9f0000 - 0x00007ffb4aa24000 	C:\WINDOWS\System32\GDI32.dll
0x00007ffb47a50000 - 0x00007ffb47bd2000 	C:\WINDOWS\System32\gdi32full.dll
0x00007ffb3ecf0000 - 0x00007ffb3ef6a000 	C:\WINDOWS\WinSxS\amd64_microsoft.windows.common-controls_6595b64144ccf1df_6.0.14393.953_none_42151e83c686086b\COMCTL32.dll
0x00007ffb4a1d0000 - 0x00007ffb4a498000 	C:\WINDOWS\System32\combase.dll
0x00007ffb47950000 - 0x00007ffb47a45000 	C:\WINDOWS\System32\ucrtbase.dll
0x00007ffb47830000 - 0x00007ffb4789a000 	C:\WINDOWS\System32\bcryptPrimitives.dll
0x00007ffb487e0000 - 0x00007ffb4880e000 	C:\WINDOWS\System32\IMM32.DLL
0x0000000055010000 - 0x00000000550e2000 	C:\Program Files\Java\jdk1.8.0_73\jre\bin\msvcr100.dll
0x0000000054780000 - 0x0000000055010000 	C:\Program Files\Java\jdk1.8.0_73\jre\bin\server\jvm.dll
0x00007ffb4a660000 - 0x00007ffb4a668000 	C:\WINDOWS\System32\PSAPI.DLL
0x00007ffb45680000 - 0x00007ffb456a3000 	C:\WINDOWS\SYSTEM32\WINMM.dll
0x00007ffb35c90000 - 0x00007ffb35c99000 	C:\WINDOWS\SYSTEM32\WSOCK32.dll
0x00007ffb3fd50000 - 0x00007ffb3fd5a000 	C:\WINDOWS\SYSTEM32\VERSION.dll
0x00007ffb49f90000 - 0x00007ffb49ffa000 	C:\WINDOWS\System32\WS2_32.dll
0x00007ffb45620000 - 0x00007ffb4564b000 	C:\WINDOWS\SYSTEM32\WINMMBASE.dll
0x00007ffb48540000 - 0x00007ffb48582000 	C:\WINDOWS\System32\cfgmgr32.dll
0x0000000054770000 - 0x000000005477f000 	C:\Program Files\Java\jdk1.8.0_73\jre\bin\verify.dll
0x0000000054740000 - 0x0000000054769000 	C:\Program Files\Java\jdk1.8.0_73\jre\bin\java.dll
0x0000000054720000 - 0x0000000054736000 	C:\Program Files\Java\jdk1.8.0_73\jre\bin\zip.dll
0x00007ffb48a80000 - 0x00007ffb49f89000 	C:\WINDOWS\System32\SHELL32.dll
0x00007ffb47be0000 - 0x00007ffb482ba000 	C:\WINDOWS\System32\windows.storage.dll
0x00007ffb47520000 - 0x00007ffb4756c000 	C:\WINDOWS\System32\powrprof.dll
0x00007ffb48810000 - 0x00007ffb48862000 	C:\WINDOWS\System32\shlwapi.dll
0x00007ffb47510000 - 0x00007ffb4751f000 	C:\WINDOWS\System32\kernel.appcore.dll
0x00007ffb475b0000 - 0x00007ffb47659000 	C:\WINDOWS\System32\shcore.dll
0x00007ffb47570000 - 0x00007ffb47584000 	C:\WINDOWS\System32\profapi.dll
0x00007ffb446e0000 - 0x00007ffb446f0000 	C:\Program Files (x86)\JetBrains\IntelliJ IDEA 13.0\bin\breakgen64.dll
0x0000000054700000 - 0x000000005471a000 	C:\Program Files\Java\jdk1.8.0_73\jre\bin\net.dll
0x00007ffb46e30000 - 0x00007ffb46e8c000 	C:\WINDOWS\system32\mswsock.dll
0x00007ffb46bf0000 - 0x00007ffb46c91000 	C:\WINDOWS\SYSTEM32\DNSAPI.dll
0x00007ffb4a4b0000 - 0x00007ffb4a4b8000 	C:\WINDOWS\System32\NSI.dll
0x00007ffb46bb0000 - 0x00007ffb46be8000 	C:\WINDOWS\SYSTEM32\IPHLPAPI.DLL
0x00007ffb3d490000 - 0x00007ffb3d49a000 	C:\Windows\System32\rasadhlp.dll
0x00007ffb3e300000 - 0x00007ffb3e36a000 	C:\WINDOWS\System32\fwpuclnt.dll
0x00007ffb470e0000 - 0x00007ffb4710b000 	C:\WINDOWS\SYSTEM32\bcrypt.dll
0x00007ffb46fd0000 - 0x00007ffb46fe7000 	C:\WINDOWS\SYSTEM32\CRYPTSP.dll
0x00007ffb46a30000 - 0x00007ffb46a63000 	C:\WINDOWS\system32\rsaenh.dll
0x00007ffb46cb0000 - 0x00007ffb46ccf000 	C:\WINDOWS\SYSTEM32\USERENV.dll
0x00007ffb46ff0000 - 0x00007ffb46ffb000 	C:\WINDOWS\SYSTEM32\CRYPTBASE.dll
0x00007ffb3f990000 - 0x00007ffb3f9a6000 	C:\WINDOWS\SYSTEM32\dhcpcsvc6.DLL
0x00007ffb3fb70000 - 0x00007ffb3fb8a000 	C:\WINDOWS\SYSTEM32\dhcpcsvc.DLL
0x00000000546d0000 - 0x00000000546e1000 	C:\Program Files\Java\jdk1.8.0_73\jre\bin\nio.dll

VM Arguments:
jvm_args: -Didea.launcher.port=7537 -Didea.launcher.bin.path=C:\Program Files (x86)\JetBrains\IntelliJ IDEA 13.0\bin -Dfile.encoding=UTF-8 
java_command: com.intellij.rt.execution.application.AppMain com.homework.hibernate.HibernateMainApp
java_class_path (initial): C:\Program Files\Java\jdk1.8.0_73\jre\lib\charsets.jar;C:\Program Files\Java\jdk1.8.0_73\jre\lib\deploy.jar;C:\Program Files\Java\jdk1.8.0_73\jre\lib\javaws.jar;C:\Program Files\Java\jdk1.8.0_73\jre\lib\jce.jar;C:\Program Files\Java\jdk1.8.0_73\jre\lib\jfr.jar;C:\Program Files\Java\jdk1.8.0_73\jre\lib\jfxswt.jar;C:\Program Files\Java\jdk1.8.0_73\jre\lib\jsse.jar;C:\Program Files\Java\jdk1.8.0_73\jre\lib\management-agent.jar;C:\Program Files\Java\jdk1.8.0_73\jre\lib\plugin.jar;C:\Program Files\Java\jdk1.8.0_73\jre\lib\resources.jar;C:\Program Files\Java\jdk1.8.0_73\jre\lib\rt.jar;C:\Program Files\Java\jdk1.8.0_73\jre\lib\ext\access-bridge-64.jar;C:\Program Files\Java\jdk1.8.0_73\jre\lib\ext\cldrdata.jar;C:\Program Files\Java\jdk1.8.0_73\jre\lib\ext\dnsns.jar;C:\Program Files\Java\jdk1.8.0_73\jre\lib\ext\jaccess.jar;C:\Program Files\Java\jdk1.8.0_73\jre\lib\ext\jfxrt.jar;C:\Program Files\Java\jdk1.8.0_73\jre\lib\ext\localedata.jar;C:\Program Files\Java\jdk1.8.0_73\jre\lib\ext\nashorn.jar;C:\Program Files\Java\jdk1.8.0_73\jre\lib\ext\sunec.jar;C:\Program Files\Java\jdk1.8.0_73\jre\lib\ext\sunjce_provider.jar;C:\Program Files\Java\jdk1.8.0_73\jre\lib\ext\sunmscapi.jar;C:\Program Files\Java\jdk1.8.0_73\jre\lib\ext\sunpkcs11.jar;C:\Program Files\Java\jdk1.8.0_73\jre\lib\ext\zipfs.jar;C:\Users\Sasha\IdeaProjects\HibernateDBAnalyzer\out\production\hibernate-db-analyzer;C:\Users\Sasha\IdeaProjects\HibernateDBAnalyzer\lib\classmate-1.3.0.jar;C:\Users\Sasha\IdeaProjects\HibernateDBAnalyzer\lib\hibernate-commons-annotations-5.0.1.Final.jar;C:\Users\Sasha\IdeaProjects\HibernateDBAnalyzer\lib\dom4j-1.6.1.jar;C:\Users\Sasha\IdeaProjects\HibernateDBAnalyzer\lib\antlr-2.7.7.jar;C:\Users\Sasha\IdeaProjects\HibernateDBAnalyzer\lib\hibernate-jpa-2.1-api-1.0.0.Final.jar;C:\Users\Sasha\IdeaProjects\HibernateDBAnalyzer\lib\jandex-2.0.3.Final.jar;C:\Users\Sasha\IdeaProjects\HibernateDBAnalyzer\lib\javassist-3.20.0-GA.jar;C:\Users\Sasha\IdeaProjects\HibernateDBA
Launcher Type: SUN_STANDARD

Environment Variables:
JAVA_HOME=C:\Program Files\Java\jdk1.8.0_73
PATH=C:\Program Files\Python36\Scripts\;C:\Program Files\Python36\;D:\app\OracleHomeUser2\product\12.1.0\dbhome_1\bin;D:\app\OracleHomeUser1\product\12.1.0\dbhome_2\bin;C:\ProgramData\Oracle\Java\javapath;C:\WINDOWS\system32;C:\WINDOWS;C:\WINDOWS\System32\Wbem;C:\WINDOWS\System32\WindowsPowerShell\v1.0\;C:\WINDOWS\system32\config\systemprofile\.dnx\bin;C:\Program Files\Microsoft DNX\Dnvm\;C:\Program Files (x86)\Windows Kits\10\Windows Performance Toolkit\;C:\Program Files (x86)\nodejs\;C:\Program Files\Git\cmd;C:\Program Files (x86)\Skype\Phone\;C:\Program Files\OpenSSH\bin;C:\MinGW\bin;D:\matlab\runtime\win64;D:\matlab\bin;D:\matlab\polyspace\bin;D:\Matlab2\runtime\win64;D:\Matlab2\bin;D:\Matlab2\polyspace\bin;C:\ProgramCC\Files\;C:\Program Files\Microsoft SQL Server\120\DTS\Binn\;C:\Program Files\Microsoft SQL Server\Client SDK\ODBC\110\Tools\Binn\;C:\Program Files (x86)\Microsoft SQL Server\120\Tools\Binn\;C:\Program Files\Microsoft SQL Server\120\Tools\Binn\;C:\Program Files (x86)\Microsoft SQL Server\120\Tools\Binn\ManagementStudio\;C:\Program Files (x86)\Microsoft SQL Server\120\DTS\Binn\;C:\Program Files\MiKTeX 2.9\miktex\bin\x64\;C:\Program Files (x86)\Microsoft Visual Studio 10.0\VC\bin;C:\Program Files (x86)\Microsoft Visual Studio 10.0\Common7\IDE;C:\Program Files\Microsoft Windows Performance Toolkit\;C:\Users\Sasha\AppData\Roaming\npm;C:\Users\Sasha\AppData\Local\Microsoft\WindowsApps;C:\Program Files (x86)\Microsoft Visual Studio 10.0\VC\bin;C:\Program Files (x86)\Microsoft Visual Studio 10.0\Common7\IDE
USERNAME=Sasha
OS=Windows_NT
PROCESSOR_IDENTIFIER=Intel64 Family 6 Model 69 Stepping 1, GenuineIntel



---------------  S Y S T E M  ---------------

OS: Windows 10.0 , 64 bit Build 14393 (10.0.14393.0)

CPU:total 4 (2 cores per cpu, 2 threads per core) family 6 model 69 stepping 1, cmov, cx8, fxsr, mmx, sse, sse2, sse3, ssse3, sse4.1, sse4.2, popcnt, avx, avx2, aes, clmul, erms, lzcnt, ht, tsc, tscinvbit, bmi1, bmi2

Memory: 4k page, physical 8290116k(3054456k free), swap 10242884k(5140k free)

vm_info: Java HotSpot(TM) 64-Bit Server VM (25.73-b02) for windows-amd64 JRE (1.8.0_73-b02), built on Jan 29 2016 17:38:49 by "java_re" with MS VC++ 10.0 (VS2010)

time: Mon Apr 10 08:23:32 2017
elapsed time: 2 seconds (0d 0h 0m 2s)

